python3 python/main.py --profile retinanet-pytorch --model "/home/runner/MLC/repos/local/cache/download-file_f48a4ce0/resnext50_32x4d_fpn.pth" --dataset-path /home/runner/MLC/repos/local/cache/get-preprocessed-dataset-openimages_90226d73 --output "/home/runner/MLC/repos/local/cache/get-mlperf-inference-results-dir_3090bafc/test_results/gh_ubuntu-latest_x86-reference-cpu-pytorch-v2.6.0-default_config/retinanet/offline/accuracy" --scenario Offline --max-batchsize 1 --count 5 --threads 4 --user_conf /home/runner/MLC/repos/GATEOverflow@mlperf-automations/script/generate-mlperf-inference-user-conf/tmp/8a8e723d27a0496e8660f237b06b2a92.conf --accuracy --use_preprocessed_dataset --cache_dir /home/runner/MLC/repos/local/cache/get-preprocessed-dataset-openimages_90226d73 --dataset-list /home/runner/MLC/repos/local/cache/get-preprocessed-dataset-openimages_90226d73/annotations/openimages-mlperf.json
INFO:main:Namespace(dataset='openimages-800-retinanet', dataset_path='/home/runner/MLC/repos/local/cache/get-preprocessed-dataset-openimages_90226d73', dataset_list='/home/runner/MLC/repos/local/cache/get-preprocessed-dataset-openimages_90226d73/annotations/openimages-mlperf.json', data_format=None, profile='retinanet-pytorch', scenario='Offline', max_batchsize=1, model='/home/runner/MLC/repos/local/cache/download-file_f48a4ce0/resnext50_32x4d_fpn.pth', output='/home/runner/MLC/repos/local/cache/get-mlperf-inference-results-dir_3090bafc/test_results/gh_ubuntu-latest_x86-reference-cpu-pytorch-v2.6.0-default_config/retinanet/offline/accuracy', inputs=['image'], outputs=['boxes', 'labels', 'scores'], backend='pytorch-native', device=None, model_name='retinanet', threads=4, qps=None, cache=0, cache_dir='/home/runner/MLC/repos/local/cache/get-preprocessed-dataset-openimages_90226d73', preprocessed_dir=None, use_preprocessed_dataset=True, accuracy=True, find_peak_performance=False, debug=False, user_conf='/home/runner/MLC/repos/GATEOverflow@mlperf-automations/script/generate-mlperf-inference-user-conf/tmp/8a8e723d27a0496e8660f237b06b2a92.conf', audit_conf='audit.config', time=None, count=5, performance_sample_count=None, max_latency=None, samples_per_query=8)
INFO:coco:loaded 5 images, cache=0, already_preprocessed=True, took=0.0sec
/opt/hostedtoolcache/Python/3.12.9/x64/lib/python3.12/site-packages/torch/serialization.py:1434: UserWarning: 'torch.load' received a zip file that looks like a TorchScript archive dispatching to 'torch.jit.load' (call 'torch.jit.load' directly to silence this warning)
  warnings.warn(
/opt/hostedtoolcache/Python/3.12.9/x64/lib/python3.12/site-packages/torch/nn/modules/module.py:1750: UserWarning: torch.meshgrid: in an upcoming release, it will be required to pass the indexing argument. (Triggered internally at /pytorch/aten/src/ATen/native/TensorShape.cpp:3637.)
  return forward_call(*args, **kwargs)
code/__torch__/model/retinanet.py:159: UserWarning: RetinaNet always returns a (Losses, Detections) tuple in scripting
INFO:main:starting TestScenario.Offline
loading annotations into memory...
Done (t=0.00s)
creating index...
index created!
Loading and preparing results...
Converting ndarray to lists...
(595, 7)
0/595
DONE (t=0.00s)
creating index...
index created!
Running per image evaluation...
Evaluate annotation type *bbox*
DONE (t=0.03s).
Accumulating evaluation results...
DONE (t=0.04s).
 Average Precision  (AP) @[ IoU=0.50:0.95 | area=   all | maxDets=100 ] = 0.770
 Average Precision  (AP) @[ IoU=0.50      | area=   all | maxDets=100 ] = 0.982
 Average Precision  (AP) @[ IoU=0.75      | area=   all | maxDets=100 ] = 0.677
 Average Precision  (AP) @[ IoU=0.50:0.95 | area= small | maxDets=100 ] = -1.000
 Average Precision  (AP) @[ IoU=0.50:0.95 | area=medium | maxDets=100 ] = 0.483
 Average Precision  (AP) @[ IoU=0.50:0.95 | area= large | maxDets=100 ] = 0.850
 Average Recall     (AR) @[ IoU=0.50:0.95 | area=   all | maxDets=  1 ] = 0.597
 Average Recall     (AR) @[ IoU=0.50:0.95 | area=   all | maxDets= 10 ] = 0.824
 Average Recall     (AR) @[ IoU=0.50:0.95 | area=   all | maxDets=100 ] = 0.831
 Average Recall     (AR) @[ IoU=0.50:0.95 | area= small | maxDets=100 ] = -1.000
 Average Recall     (AR) @[ IoU=0.50:0.95 | area=medium | maxDets=100 ] = 0.632
 Average Recall     (AR) @[ IoU=0.50:0.95 | area= large | maxDets=100 ] = 0.875
TestScenario.Offline qps=0.41, mean=10.0666, time=12.329, acc=30.924%, mAP=76.951%, queries=5, tiles=50.0:9.5673,80.0:10.1003,90.0:11.1450,95.0:11.6674,99.0:12.0853,99.9:12.1794
