DeepSparse, Copyright 2021-present / Neuralmagic, Inc. version: 1.8.0 COMMUNITY | (e3778e93) (release) (optimized) (system=avx2, binary=avx2)
[7f3c63a83b80 >WARN<  operator() ./src/include/wand/utility/warnings.hpp:14] Generating emulated code for quantized (INT8) operations since no VNNI instructions were detected. Set NM_FAST_VNNI_EMULATION=1 to increase performance at the expense of accuracy.
2025-02-24 06:38:58 deepsparse.utils.onnx INFO     Generating input 'input_ids', type = int64, shape = [1, 384]
2025-02-24 06:38:58 deepsparse.utils.onnx INFO     Generating input 'attention_mask', type = int64, shape = [1, 384]
2025-02-24 06:38:58 deepsparse.utils.onnx INFO     Generating input 'token_type_ids', type = int64, shape = [1, 384]
================================================
MLPerf Results Summary
================================================
SUT name : PySUT
Scenario : Offline
Mode     : PerformanceOnly
Samples per second: 6.12384
Result is : VALID
  Min duration satisfied : Yes
  Min queries satisfied : Yes
  Early stopping satisfied: Yes

================================================
Additional Stats
================================================
Min latency (ns)                : 82791628
Max latency (ns)                : 816481322
Mean latency (ns)               : 408978498
50.00 percentile latency (ns)   : 381774447
90.00 percentile latency (ns)   : 816481322
95.00 percentile latency (ns)   : 816481322
97.00 percentile latency (ns)   : 816481322
99.00 percentile latency (ns)   : 816481322
99.90 percentile latency (ns)   : 816481322

================================================
Test Parameters Used
================================================
samples_per_query : 5
target_qps : 1
target_latency (ns): 0
max_async_queries : 1
min_duration (ms): 0
max_duration (ms): 0
min_query_count : 1
max_query_count : 5
qsl_rng_seed : 6023615788873153749
sample_index_rng_seed : 15036839855038426416
schedule_rng_seed : 9933818062894767841
accuracy_log_rng_seed : 0
accuracy_log_probability : 0
accuracy_log_sampling_target : 0
print_timestamps : 0
performance_issue_unique : 0
performance_issue_same : 0
performance_issue_same_index : 0
performance_sample_count : 10833

No warnings encountered during test.

No errors encountered during test.
Loading ONNX model... /home/runner/MLC/repos/local/cache/extract-file_7c095dbe/oBERT-Large_95sparse_block4_qat.onnx
Constructing SUT...
Finished constructing SUT.
Constructing QSL...
No cached features at 'eval_features.pickle'... converting from examples...
Creating tokenizer...
Reading examples...
Converting examples to features...
Caching features at 'eval_features.pickle'...
Finished constructing QSL.
Warming up engine...
Running LoadGen test...
Done!
Destroying SUT...
Destroying QSL...
Finished destroying SUT.
Finished destroying QSL.
