python3 python/main.py --profile retinanet-pytorch --model "/Users/runner/MLC/repos/local/cache/download-file_8bd262b7/resnext50_32x4d_fpn.pth" --dataset-path /Users/runner/MLC/repos/local/cache/get-preprocessed-dataset-openimages_f9243793 --output "/Users/runner/MLC/repos/local/cache/get-mlperf-inference-results-dir_f9daeeaf/test_results/gh_macos-latest_x86-reference-cpu-pytorch-v2.6.0-default_config/retinanet/offline/accuracy" --scenario Offline --max-batchsize 1 --count 5 --threads 3 --user_conf /Users/runner/MLC/repos/mlcommons@mlperf-automations/script/generate-mlperf-inference-user-conf/tmp/42ff0b287177407a8b95cff390f0affa.conf --accuracy --use_preprocessed_dataset --cache_dir /Users/runner/MLC/repos/local/cache/get-preprocessed-dataset-openimages_f9243793 --dataset-list /Users/runner/MLC/repos/local/cache/get-preprocessed-dataset-openimages_f9243793/annotations/openimages-mlperf.json
INFO:main:Namespace(dataset='openimages-800-retinanet', dataset_path='/Users/runner/MLC/repos/local/cache/get-preprocessed-dataset-openimages_f9243793', dataset_list='/Users/runner/MLC/repos/local/cache/get-preprocessed-dataset-openimages_f9243793/annotations/openimages-mlperf.json', data_format=None, profile='retinanet-pytorch', scenario='Offline', max_batchsize=1, model='/Users/runner/MLC/repos/local/cache/download-file_8bd262b7/resnext50_32x4d_fpn.pth', output='/Users/runner/MLC/repos/local/cache/get-mlperf-inference-results-dir_f9daeeaf/test_results/gh_macos-latest_x86-reference-cpu-pytorch-v2.6.0-default_config/retinanet/offline/accuracy', inputs=['image'], outputs=['boxes', 'labels', 'scores'], backend='pytorch-native', device=None, model_name='retinanet', threads=3, qps=None, cache=0, cache_dir='/Users/runner/MLC/repos/local/cache/get-preprocessed-dataset-openimages_f9243793', preprocessed_dir=None, use_preprocessed_dataset=True, accuracy=True, find_peak_performance=False, debug=False, user_conf='/Users/runner/MLC/repos/mlcommons@mlperf-automations/script/generate-mlperf-inference-user-conf/tmp/42ff0b287177407a8b95cff390f0affa.conf', audit_conf='audit.config', time=None, count=5, performance_sample_count=None, max_latency=None, samples_per_query=8)
INFO:coco:loaded 5 images, cache=0, already_preprocessed=True, took=0.0sec
/Library/Frameworks/Python.framework/Versions/3.12/lib/python3.12/site-packages/torch/serialization.py:1434: UserWarning: 'torch.load' received a zip file that looks like a TorchScript archive dispatching to 'torch.jit.load' (call 'torch.jit.load' directly to silence this warning)
  warnings.warn(
/Library/Frameworks/Python.framework/Versions/3.12/lib/python3.12/site-packages/torch/nn/modules/module.py:1750: UserWarning: torch.meshgrid: in an upcoming release, it will be required to pass the indexing argument. (Triggered internally at /Users/runner/work/pytorch/pytorch/pytorch/aten/src/ATen/native/TensorShape.cpp:3638.)
  return forward_call(*args, **kwargs)
code/__torch__/model/retinanet.py:159: UserWarning: RetinaNet always returns a (Losses, Detections) tuple in scripting
INFO:main:starting TestScenario.Offline
loading annotations into memory...
Done (t=0.01s)
creating index...
index created!
Loading and preparing results...
Converting ndarray to lists...
(595, 7)
0/595
DONE (t=0.00s)
creating index...
index created!
Running per image evaluation...
Evaluate annotation type *bbox*
DONE (t=0.02s).
Accumulating evaluation results...
DONE (t=0.05s).
 Average Precision  (AP) @[ IoU=0.50:0.95 | area=   all | maxDets=100 ] = 0.770
 Average Precision  (AP) @[ IoU=0.50      | area=   all | maxDets=100 ] = 0.982
 Average Precision  (AP) @[ IoU=0.75      | area=   all | maxDets=100 ] = 0.677
 Average Precision  (AP) @[ IoU=0.50:0.95 | area= small | maxDets=100 ] = -1.000
 Average Precision  (AP) @[ IoU=0.50:0.95 | area=medium | maxDets=100 ] = 0.483
 Average Precision  (AP) @[ IoU=0.50:0.95 | area= large | maxDets=100 ] = 0.850
 Average Recall     (AR) @[ IoU=0.50:0.95 | area=   all | maxDets=  1 ] = 0.597
 Average Recall     (AR) @[ IoU=0.50:0.95 | area=   all | maxDets= 10 ] = 0.824
 Average Recall     (AR) @[ IoU=0.50:0.95 | area=   all | maxDets=100 ] = 0.831
 Average Recall     (AR) @[ IoU=0.50:0.95 | area= small | maxDets=100 ] = -1.000
 Average Recall     (AR) @[ IoU=0.50:0.95 | area=medium | maxDets=100 ] = 0.632
 Average Recall     (AR) @[ IoU=0.50:0.95 | area= large | maxDets=100 ] = 0.875
TestScenario.Offline qps=0.33, mean=11.0788, time=15.184, acc=30.924%, mAP=76.951%, queries=5, tiles=50.0:8.6850,80.0:14.8520,90.0:14.9092,95.0:14.9378,99.0:14.9606,99.9:14.9658
