python3 python/main.py --profile retinanet-onnxruntime --model "/Users/runner/MLC/repos/local/cache/download-file_b4188a6a/resnext50_32x4d_fpn.onnx" --dataset-path /Users/runner/MLC/repos/local/cache/get-preprocessed-dataset-openimages_0d6b8ed3 --output "/Users/runner/MLC/repos/local/cache/get-mlperf-inference-results-dir_a98fd533/test_results/gh_macos-latest_x86-reference-cpu-onnxruntime-v1.21.0-default_config/retinanet/offline/accuracy" --scenario Offline --max-batchsize 1 --count 5 --threads 3 --user_conf /Users/runner/MLC/repos/GATEOverflow@mlperf-automations/script/generate-mlperf-inference-user-conf/tmp/04a129e4b4c74b7187853b2a96e9ce0e.conf --accuracy --use_preprocessed_dataset --cache_dir /Users/runner/MLC/repos/local/cache/get-preprocessed-dataset-openimages_0d6b8ed3 --dataset-list /Users/runner/MLC/repos/local/cache/get-preprocessed-dataset-openimages_0d6b8ed3/annotations/openimages-mlperf.json
INFO:main:Namespace(dataset='openimages-800-retinanet-onnx', dataset_path='/Users/runner/MLC/repos/local/cache/get-preprocessed-dataset-openimages_0d6b8ed3', dataset_list='/Users/runner/MLC/repos/local/cache/get-preprocessed-dataset-openimages_0d6b8ed3/annotations/openimages-mlperf.json', data_format=None, profile='retinanet-onnxruntime', scenario='Offline', max_batchsize=1, model='/Users/runner/MLC/repos/local/cache/download-file_b4188a6a/resnext50_32x4d_fpn.onnx', output='/Users/runner/MLC/repos/local/cache/get-mlperf-inference-results-dir_a98fd533/test_results/gh_macos-latest_x86-reference-cpu-onnxruntime-v1.21.0-default_config/retinanet/offline/accuracy', inputs=['images'], outputs=['boxes', 'labels', 'scores'], backend='onnxruntime', device=None, model_name='retinanet', threads=3, qps=None, cache=0, cache_dir='/Users/runner/MLC/repos/local/cache/get-preprocessed-dataset-openimages_0d6b8ed3', preprocessed_dir=None, use_preprocessed_dataset=True, accuracy=True, find_peak_performance=False, debug=False, user_conf='/Users/runner/MLC/repos/GATEOverflow@mlperf-automations/script/generate-mlperf-inference-user-conf/tmp/04a129e4b4c74b7187853b2a96e9ce0e.conf', audit_conf='audit.config', time=None, count=5, performance_sample_count=None, max_latency=None, samples_per_query=8)
INFO:coco:loaded 5 images, cache=0, already_preprocessed=True, took=0.0sec
INFO:main:starting TestScenario.Offline
loading annotations into memory...
Done (t=0.00s)
creating index...
index created!
Loading and preparing results...
Converting ndarray to lists...
(756, 7)
0/756
DONE (t=0.00s)
creating index...
index created!
Running per image evaluation...
Evaluate annotation type *bbox*
DONE (t=0.03s).
Accumulating evaluation results...
DONE (t=0.06s).
 Average Precision  (AP) @[ IoU=0.50:0.95 | area=   all | maxDets=100 ] = 0.770
 Average Precision  (AP) @[ IoU=0.50      | area=   all | maxDets=100 ] = 0.982
 Average Precision  (AP) @[ IoU=0.75      | area=   all | maxDets=100 ] = 0.677
 Average Precision  (AP) @[ IoU=0.50:0.95 | area= small | maxDets=100 ] = -1.000
 Average Precision  (AP) @[ IoU=0.50:0.95 | area=medium | maxDets=100 ] = 0.483
 Average Precision  (AP) @[ IoU=0.50:0.95 | area= large | maxDets=100 ] = 0.850
 Average Recall     (AR) @[ IoU=0.50:0.95 | area=   all | maxDets=  1 ] = 0.597
 Average Recall     (AR) @[ IoU=0.50:0.95 | area=   all | maxDets= 10 ] = 0.824
 Average Recall     (AR) @[ IoU=0.50:0.95 | area=   all | maxDets=100 ] = 0.831
 Average Recall     (AR) @[ IoU=0.50:0.95 | area= small | maxDets=100 ] = -1.000
 Average Recall     (AR) @[ IoU=0.50:0.95 | area=medium | maxDets=100 ] = 0.632
 Average Recall     (AR) @[ IoU=0.50:0.95 | area= large | maxDets=100 ] = 0.875
TestScenario.Offline qps=0.42, mean=8.3661, time=11.851, acc=42.328%, mAP=76.951%, queries=5, tiles=50.0:6.4394,80.0:11.4248,90.0:11.5208,95.0:11.5687,99.0:11.6071,99.9:11.6157
