DeepSparse, Copyright 2021-present / Neuralmagic, Inc. version: 1.8.0 COMMUNITY | (e3778e93) (release) (optimized) (system=neon, binary=neon)
2025-05-25 00:11:49 deepsparse.utils.onnx INFO     Generating input 'input_ids', type = int64, shape = [1, 384]
2025-05-25 00:11:49 deepsparse.utils.onnx INFO     Generating input 'attention_mask', type = int64, shape = [1, 384]
2025-05-25 00:11:49 deepsparse.utils.onnx INFO     Generating input 'token_type_ids', type = int64, shape = [1, 384]
================================================
MLPerf Results Summary
================================================
SUT name : PySUT
Scenario : Offline
Mode     : PerformanceOnly
Samples per second: 6.97851
Result is : VALID
  Min duration satisfied : Yes
  Min queries satisfied : Yes
  Early stopping satisfied: Yes

================================================
Additional Stats
================================================
Min latency (ns)                : 160854458
Max latency (ns)                : 716485583
Mean latency (ns)               : 411911066
50.00 percentile latency (ns)   : 396374208
90.00 percentile latency (ns)   : 716485583
95.00 percentile latency (ns)   : 716485583
97.00 percentile latency (ns)   : 716485583
99.00 percentile latency (ns)   : 716485583
99.90 percentile latency (ns)   : 716485583

================================================
Test Parameters Used
================================================
samples_per_query : 5
target_qps : 1
target_latency (ns): 0
max_async_queries : 1
min_duration (ms): 0
max_duration (ms): 0
min_query_count : 1
max_query_count : 5
qsl_rng_seed : 6023615788873153749
sample_index_rng_seed : 15036839855038426416
schedule_rng_seed : 9933818062894767841
accuracy_log_rng_seed : 0
accuracy_log_probability : 0
accuracy_log_sampling_target : 0
print_timestamps : 0
performance_issue_unique : 0
performance_issue_same : 0
performance_issue_same_index : 0
performance_sample_count : 10833

No warnings encountered during test.

No errors encountered during test.
Loading ONNX model... /Users/runner/MLC/repos/local/cache/extract-file_bert-large-ml-m_3869dee5/oBERT-Large_95sparse_block4_qat.onnx
Constructing SUT...
Finished constructing SUT.
Constructing QSL...
No cached features at 'eval_features.pickle'... converting from examples...
Creating tokenizer...
Reading examples...
Converting examples to features...
Caching features at 'eval_features.pickle'...
Finished constructing QSL.
Warming up engine...
Running LoadGen test...
Done!
Destroying SUT...
Destroying QSL...
Finished destroying SUT.
Finished destroying QSL.
