python3 python/main.py --profile retinanet-pytorch --model "/Users/runner/MLC/repos/local/cache/download-file_5cfe1ca2/resnext50_32x4d_fpn.pth" --dataset-path /Users/runner/MLC/repos/local/cache/get-preprocessed-dataset-openimages_a1e032f1 --output "/Users/runner/MLC/repos/local/cache/get-mlperf-inference-results-dir_eaec8052/test_results/gh_macos-latest_x86-reference-cpu-pytorch-v2.5.1-default_config/retinanet/offline/accuracy" --scenario Offline --max-batchsize 1 --count 5 --threads 3 --user_conf /Users/runner/MLC/repos/GATEOverflow@mlperf-automations/script/generate-mlperf-inference-user-conf/tmp/f4421c3ecb1042848f819be42b3b5662.conf --accuracy --use_preprocessed_dataset --cache_dir /Users/runner/MLC/repos/local/cache/get-preprocessed-dataset-openimages_a1e032f1 --dataset-list /Users/runner/MLC/repos/local/cache/get-preprocessed-dataset-openimages_a1e032f1/annotations/openimages-mlperf.json
INFO:main:Namespace(dataset='openimages-800-retinanet', dataset_path='/Users/runner/MLC/repos/local/cache/get-preprocessed-dataset-openimages_a1e032f1', dataset_list='/Users/runner/MLC/repos/local/cache/get-preprocessed-dataset-openimages_a1e032f1/annotations/openimages-mlperf.json', data_format=None, profile='retinanet-pytorch', scenario='Offline', max_batchsize=1, model='/Users/runner/MLC/repos/local/cache/download-file_5cfe1ca2/resnext50_32x4d_fpn.pth', output='/Users/runner/MLC/repos/local/cache/get-mlperf-inference-results-dir_eaec8052/test_results/gh_macos-latest_x86-reference-cpu-pytorch-v2.5.1-default_config/retinanet/offline/accuracy', inputs=['image'], outputs=['boxes', 'labels', 'scores'], backend='pytorch-native', device=None, model_name='retinanet', threads=3, qps=None, cache=0, cache_dir='/Users/runner/MLC/repos/local/cache/get-preprocessed-dataset-openimages_a1e032f1', preprocessed_dir=None, use_preprocessed_dataset=True, accuracy=True, find_peak_performance=False, debug=False, user_conf='/Users/runner/MLC/repos/GATEOverflow@mlperf-automations/script/generate-mlperf-inference-user-conf/tmp/f4421c3ecb1042848f819be42b3b5662.conf', audit_conf='audit.config', time=None, count=5, performance_sample_count=None, max_latency=None, samples_per_query=8)
INFO:coco:loaded 5 images, cache=0, already_preprocessed=True, took=0.0sec
/Users/runner/MLC/repos/local/cache/get-git-repo_f05fd4ee/inference/vision/classification_and_detection/python/backend_pytorch_native.py:28: FutureWarning: You are using `torch.load` with `weights_only=False` (the current default value), which uses the default pickle module implicitly. It is possible to construct malicious pickle data which will execute arbitrary code during unpickling (See https://github.com/pytorch/pytorch/blob/main/SECURITY.md#untrusted-models for more details). In a future release, the default value for `weights_only` will be flipped to `True`. This limits the functions that could be executed during unpickling. Arbitrary objects will no longer be allowed to be loaded via this mode unless they are explicitly allowlisted by the user via `torch.serialization.add_safe_globals`. We recommend you start setting `weights_only=True` for any use case where you don't have full control of the loaded file. Please open an issue on GitHub for any issues related to this experimental feature.
  self.model = torch.load(model_path)
/Library/Frameworks/Python.framework/Versions/3.12/lib/python3.12/site-packages/torch/serialization.py:1328: UserWarning: 'torch.load' received a zip file that looks like a TorchScript archive dispatching to 'torch.jit.load' (call 'torch.jit.load' directly to silence this warning)
  warnings.warn(
/Library/Frameworks/Python.framework/Versions/3.12/lib/python3.12/site-packages/torch/nn/modules/module.py:1747: UserWarning: torch.meshgrid: in an upcoming release, it will be required to pass the indexing argument. (Triggered internally at /Users/runner/work/pytorch/pytorch/pytorch/aten/src/ATen/native/TensorShape.cpp:3596.)
  return forward_call(*args, **kwargs)
code/__torch__/model/retinanet.py:159: UserWarning: RetinaNet always returns a (Losses, Detections) tuple in scripting
INFO:main:starting TestScenario.Offline
loading annotations into memory...
Done (t=0.00s)
creating index...
index created!
Loading and preparing results...
Converting ndarray to lists...
(595, 7)
0/595
DONE (t=0.00s)
creating index...
index created!
Running per image evaluation...
Evaluate annotation type *bbox*
DONE (t=0.02s).
Accumulating evaluation results...
DONE (t=0.02s).
 Average Precision  (AP) @[ IoU=0.50:0.95 | area=   all | maxDets=100 ] = 0.770
 Average Precision  (AP) @[ IoU=0.50      | area=   all | maxDets=100 ] = 0.982
 Average Precision  (AP) @[ IoU=0.75      | area=   all | maxDets=100 ] = 0.677
 Average Precision  (AP) @[ IoU=0.50:0.95 | area= small | maxDets=100 ] = -1.000
 Average Precision  (AP) @[ IoU=0.50:0.95 | area=medium | maxDets=100 ] = 0.483
 Average Precision  (AP) @[ IoU=0.50:0.95 | area= large | maxDets=100 ] = 0.850
 Average Recall     (AR) @[ IoU=0.50:0.95 | area=   all | maxDets=  1 ] = 0.597
 Average Recall     (AR) @[ IoU=0.50:0.95 | area=   all | maxDets= 10 ] = 0.824
 Average Recall     (AR) @[ IoU=0.50:0.95 | area=   all | maxDets=100 ] = 0.831
 Average Recall     (AR) @[ IoU=0.50:0.95 | area= small | maxDets=100 ] = -1.000
 Average Recall     (AR) @[ IoU=0.50:0.95 | area=medium | maxDets=100 ] = 0.632
 Average Recall     (AR) @[ IoU=0.50:0.95 | area= large | maxDets=100 ] = 0.875
TestScenario.Offline qps=0.44, mean=8.4144, time=11.299, acc=30.924%, mAP=76.951%, queries=5, tiles=50.0:6.7117,80.0:10.9200,90.0:11.0047,95.0:11.0471,99.0:11.0811,99.9:11.0887
