Loading dataset...
Finished loading dataset.
Loading checkpoint shards:   0%|          | 0/19 [00:00<?, ?it/s]Loading checkpoint shards:   5%|▌         | 1/19 [00:01<00:20,  1.12s/it]Loading checkpoint shards:  11%|█         | 2/19 [00:02<00:20,  1.20s/it]Loading checkpoint shards:  16%|█▌        | 3/19 [00:03<00:19,  1.20s/it]Loading checkpoint shards:  21%|██        | 4/19 [00:04<00:17,  1.18s/it]Loading checkpoint shards:  26%|██▋       | 5/19 [00:05<00:16,  1.15s/it]Loading checkpoint shards:  32%|███▏      | 6/19 [00:06<00:14,  1.13s/it]Loading checkpoint shards:  37%|███▋      | 7/19 [00:08<00:14,  1.25s/it]Loading checkpoint shards:  42%|████▏     | 8/19 [00:13<00:27,  2.52s/it]Loading checkpoint shards:  47%|████▋     | 9/19 [00:15<00:23,  2.35s/it]Loading checkpoint shards:  53%|█████▎    | 10/19 [00:17<00:19,  2.21s/it]Loading checkpoint shards:  58%|█████▊    | 11/19 [00:19<00:17,  2.15s/it]Loading checkpoint shards:  63%|██████▎   | 12/19 [00:22<00:17,  2.50s/it]Loading checkpoint shards:  68%|██████▊   | 13/19 [00:26<00:16,  2.79s/it]Loading checkpoint shards: 100%|██████████| 19/19 [00:26<00:00,  1.38s/it]
WARNING:accelerate.big_modeling:Some parameters are on the meta device because they were offloaded to the disk and cpu.
INFO:Mixtral-8x7B-Instruct-v0.1-MAIN:Starting Benchmark run
Setting `pad_token_id` to `eos_token_id`:2 for open-end generation.
Setting `pad_token_id` to `eos_token_id`:2 for open-end generation.
Setting `pad_token_id` to `eos_token_id`:2 for open-end generation.

No warnings encountered during test.

No errors encountered during test.
INFO:Mixtral-8x7B-Instruct-v0.1-MAIN:Run Completed!
INFO:Mixtral-8x7B-Instruct-v0.1-MAIN:Destroying SUT...
INFO:Mixtral-8x7B-Instruct-v0.1-MAIN:Destroying QSL...
Loaded model
Loaded tokenizer
IssueQuery started with 3 samples
IssueQuery done
Saving outputs to run_outputs/q0.pkl
Samples run: 1
	BatchMaker time: 0.004904270172119141
	Inference time: 6110.053489208221
	Postprocess time: 0.03488302230834961
	==== Total time: 6110.093276500702
Saving outputs to run_outputs/q2.pkl
Samples run: 2
	BatchMaker time: 0.07381916046142578
	Inference time: 6800.104888916016
	Postprocess time: 0.023260831832885742
	==== Total time: 6800.20196890831
Saving outputs to run_outputs/q1.pkl
Samples run: 3
	BatchMaker time: 0.060442447662353516
	Inference time: 23514.97544693947
	Postprocess time: 0.03243660926818848
	==== Total time: 23515.0683259964
