python3 python/main.py --profile retinanet-onnxruntime --model "/home/runner/MLC/repos/local/cache/download-file_f9506efb/resnext50_32x4d_fpn.onnx" --dataset-path /home/runner/MLC/repos/local/cache/get-preprocessed-dataset-openimages_c98b3b69 --output "/home/runner/MLC/repos/local/cache/get-mlperf-inference-results-dir_8711f7e3/test_results/gh_ubuntu-latest_x86-reference-cpu-onnxruntime-v1.21.1-default_config/retinanet/offline/accuracy" --scenario Offline --max-batchsize 1 --count 5 --threads 4 --user_conf /home/runner/MLC/repos/GATEOverflow@mlperf-automations/script/generate-mlperf-inference-user-conf/tmp/caa343a2add249ea99569b54ab71f3b4.conf --accuracy --use_preprocessed_dataset --cache_dir /home/runner/MLC/repos/local/cache/get-preprocessed-dataset-openimages_c98b3b69 --dataset-list /home/runner/MLC/repos/local/cache/get-preprocessed-dataset-openimages_c98b3b69/annotations/openimages-mlperf.json
INFO:main:Namespace(dataset='openimages-800-retinanet-onnx', dataset_path='/home/runner/MLC/repos/local/cache/get-preprocessed-dataset-openimages_c98b3b69', dataset_list='/home/runner/MLC/repos/local/cache/get-preprocessed-dataset-openimages_c98b3b69/annotations/openimages-mlperf.json', data_format=None, profile='retinanet-onnxruntime', scenario='Offline', max_batchsize=1, model='/home/runner/MLC/repos/local/cache/download-file_f9506efb/resnext50_32x4d_fpn.onnx', output='/home/runner/MLC/repos/local/cache/get-mlperf-inference-results-dir_8711f7e3/test_results/gh_ubuntu-latest_x86-reference-cpu-onnxruntime-v1.21.1-default_config/retinanet/offline/accuracy', inputs=['images'], outputs=['boxes', 'labels', 'scores'], backend='onnxruntime', device=None, model_name='retinanet', threads=4, qps=None, cache=0, cache_dir='/home/runner/MLC/repos/local/cache/get-preprocessed-dataset-openimages_c98b3b69', preprocessed_dir=None, use_preprocessed_dataset=True, accuracy=True, find_peak_performance=False, debug=False, user_conf='/home/runner/MLC/repos/GATEOverflow@mlperf-automations/script/generate-mlperf-inference-user-conf/tmp/caa343a2add249ea99569b54ab71f3b4.conf', audit_conf='audit.config', time=None, count=5, performance_sample_count=None, max_latency=None, samples_per_query=8)
INFO:coco:loaded 5 images, cache=0, already_preprocessed=True, took=0.0sec
INFO:main:starting TestScenario.Offline
loading annotations into memory...
Done (t=0.00s)
creating index...
index created!
Loading and preparing results...
Converting ndarray to lists...
(756, 7)
0/756
DONE (t=0.00s)
creating index...
index created!
Running per image evaluation...
Evaluate annotation type *bbox*
DONE (t=0.04s).
Accumulating evaluation results...
DONE (t=0.05s).
 Average Precision  (AP) @[ IoU=0.50:0.95 | area=   all | maxDets=100 ] = 0.770
 Average Precision  (AP) @[ IoU=0.50      | area=   all | maxDets=100 ] = 0.982
 Average Precision  (AP) @[ IoU=0.75      | area=   all | maxDets=100 ] = 0.677
 Average Precision  (AP) @[ IoU=0.50:0.95 | area= small | maxDets=100 ] = -1.000
 Average Precision  (AP) @[ IoU=0.50:0.95 | area=medium | maxDets=100 ] = 0.483
 Average Precision  (AP) @[ IoU=0.50:0.95 | area= large | maxDets=100 ] = 0.850
 Average Recall     (AR) @[ IoU=0.50:0.95 | area=   all | maxDets=  1 ] = 0.597
 Average Recall     (AR) @[ IoU=0.50:0.95 | area=   all | maxDets= 10 ] = 0.824
 Average Recall     (AR) @[ IoU=0.50:0.95 | area=   all | maxDets=100 ] = 0.831
 Average Recall     (AR) @[ IoU=0.50:0.95 | area= small | maxDets=100 ] = -1.000
 Average Recall     (AR) @[ IoU=0.50:0.95 | area=medium | maxDets=100 ] = 0.632
 Average Recall     (AR) @[ IoU=0.50:0.95 | area= large | maxDets=100 ] = 0.875
TestScenario.Offline qps=0.43, mean=9.4700, time=11.711, acc=42.328%, mAP=76.951%, queries=5, tiles=50.0:8.9122,80.0:9.8191,90.0:10.6858,95.0:11.1192,99.0:11.4659,99.9:11.5439
